INFO:  04/03/2020 04:08:13 PM > Date: 2020-04-03
INFO:  04/03/2020 04:08:13 PM > Time: 1585951693.532783
DEBUG:  04/03/2020 04:08:13 PM > Starting new HTTPS connection (1): platform.risksense.com:443
DEBUG:  04/03/2020 04:08:14 PM > https://platform.risksense.com:443 "GET /api/v1/client?size=1000&page=0 HTTP/1.1" 200 None
INFO:  04/03/2020 04:08:14 PM > Getting Network ID
DEBUG:  04/03/2020 04:08:14 PM > Starting new HTTPS connection (1): platform.risksense.com:443
DEBUG:  04/03/2020 04:08:14 PM > https://platform.risksense.com:443 "POST /api/v1/client/736/network/search HTTP/1.1" 200 None
DEBUG:  04/03/2020 04:08:14 PM > https://platform.risksense.com:443 "POST /api/v1/client/736/network/search HTTP/1.1" 200 None
INFO:  04/03/2020 04:08:17 PM > Customer search string: 
INFO:  04/03/2020 04:08:17 PM > Querying networks based on your search string
DEBUG:  04/03/2020 04:08:18 PM > https://platform.risksense.com:443 "POST /api/v1/client/736/network/search HTTP/1.1" 200 None
DEBUG:  04/03/2020 04:08:18 PM > https://platform.risksense.com:443 "POST /api/v1/client/736/network/search HTTP/1.1" 200 None
INFO:  04/03/2020 04:08:24 PM > No files found to process.  Exiting...
INFO:  04/03/2020 04:11:23 PM > Date: 2020-04-03
INFO:  04/03/2020 04:11:23 PM > Time: 1585951883.2773998
DEBUG:  04/03/2020 04:11:23 PM > Starting new HTTPS connection (1): platform.risksense.com:443
DEBUG:  04/03/2020 04:11:23 PM > https://platform.risksense.com:443 "GET /api/v1/client?size=1000&page=0 HTTP/1.1" 200 None
INFO:  04/03/2020 04:11:23 PM > Getting Network ID
DEBUG:  04/03/2020 04:11:23 PM > Starting new HTTPS connection (1): platform.risksense.com:443
DEBUG:  04/03/2020 04:11:24 PM > https://platform.risksense.com:443 "POST /api/v1/client/736/network/search HTTP/1.1" 200 None
DEBUG:  04/03/2020 04:11:24 PM > https://platform.risksense.com:443 "POST /api/v1/client/736/network/search HTTP/1.1" 200 None
INFO:  04/03/2020 04:11:30 PM > Customer search string: 
INFO:  04/03/2020 04:11:30 PM > Querying networks based on your search string
DEBUG:  04/03/2020 04:11:31 PM > https://platform.risksense.com:443 "POST /api/v1/client/736/network/search HTTP/1.1" 200 None
DEBUG:  04/03/2020 04:11:31 PM > https://platform.risksense.com:443 "POST /api/v1/client/736/network/search HTTP/1.1" 200 None
DEBUG:  04/03/2020 04:11:33 PM > Starting new HTTPS connection (1): platform.risksense.com:443
DEBUG:  04/03/2020 04:11:34 PM > https://platform.risksense.com:443 "POST /api/v1/client/736/assessment HTTP/1.1" 201 None
DEBUG:  04/03/2020 04:11:34 PM > Starting new HTTPS connection (1): platform.risksense.com:443
DEBUG:  04/03/2020 04:11:34 PM > https://platform.risksense.com:443 "POST /api/v1/client/736/upload HTTP/1.1" 201 None
INFO:  04/03/2020 04:11:34 PM > 
INFO:  04/03/2020 04:11:34 PM >  ------- Session Info ---------
INFO:  04/03/2020 04:11:34 PM >  Client ID: 736 
INFO:  04/03/2020 04:11:34 PM >  Network ID: 84107 
INFO:  04/03/2020 04:11:34 PM >  Auto URBA: True 
INFO:  04/03/2020 04:11:34 PM >  Assessment Name: assmnt_2020-04-03_1585951883.2773998
INFO:  04/03/2020 04:11:34 PM >  Assessment ID: 105961
INFO:  04/03/2020 04:11:34 PM >  Assessment Start Date: 2020-04-03
INFO:  04/03/2020 04:11:34 PM >  Assessment Notes: Assessment generated via upload_to_platform.py.
INFO:  04/03/2020 04:11:34 PM >  Upload ID: 96262
INFO:  04/03/2020 04:11:34 PM >  Path to Files: C:\Users\Burr\IdeaProjects\upload_to_platform\files_to_process
INFO:  04/03/2020 04:11:34 PM >  Files: [{'name': 'network_nessus_heartbleed.nessus', 'full_path': 'C:\\Users\\Burr\\IdeaProjects\\upload_to_platform\\files_to_process\\network_nessus_heartbleed.nessus'}]
INFO:  04/03/2020 04:11:34 PM >  -----------------------------
INFO:  04/03/2020 04:11:34 PM > 
DEBUG:  04/03/2020 04:11:36 PM > https://platform.risksense.com:443 "POST /api/v1/client/736/upload/96262/file HTTP/1.1" 201 None
DEBUG:  04/03/2020 04:11:36 PM > https://platform.risksense.com:443 "POST /api/v1/client/736/upload/96262/start HTTP/1.1" 200 None
DEBUG:  04/03/2020 04:11:51 PM > https://platform.risksense.com:443 "GET /api/v1/client/736/upload/96262 HTTP/1.1" 200 None
DEBUG:  04/03/2020 04:12:06 PM > https://platform.risksense.com:443 "GET /api/v1/client/736/upload/96262 HTTP/1.1" 200 None
DEBUG:  04/03/2020 04:12:22 PM > https://platform.risksense.com:443 "GET /api/v1/client/736/upload/96262 HTTP/1.1" 200 None
DEBUG:  04/03/2020 04:12:37 PM > https://platform.risksense.com:443 "GET /api/v1/client/736/upload/96262 HTTP/1.1" 200 None
INFO:  04/03/2020 04:12:37 PM > Processing of uploaded files has ended.  State: COMPLETE
